<?xml version="1.0" encoding="UTF-8"?>
<!-- Generated by org.testng.reporters.JUnitXMLReporter -->
<testsuite ignored="0" hostname="Basavaraj" failures="0" tests="4" name="Amazon add to cart" time="38.01" errors="0" timestamp="2022-10-17T11:33:52 IST">
  <testcase classname="com.amazon.addtocart.Amazonaddtocart" name="launchBrowser" time="10.507"/>
  <testcase classname="com.amazon.addtocart.Amazonaddtocart" name="navigate" time="10.112"/>
  <testcase classname="com.amazon.addtocart.Amazonaddtocart" name="selectitem" time="16.582"/>
  <testcase classname="com.amazon.addtocart.Amazonaddtocart" name="writedatatocsv" time="0.007"/>
</testsuite> <!-- Amazon add to cart -->
