<?xml version="1.0" encoding="UTF-8"?>
<!-- Generated by org.testng.reporters.JUnitXMLReporter -->
<testsuite ignored="0" hostname="Basavaraj" failures="0" tests="4" name="Default test" time="22.349" errors="0" timestamp="2022-10-17T10:17:02 IST">
  <testcase classname="com.amazon.addtocart.Amazonaddtocart" name="launchBrowser" time="4.729"/>
  <testcase classname="com.amazon.addtocart.Amazonaddtocart" name="navigate" time="7.116"/>
  <testcase classname="com.amazon.addtocart.Amazonaddtocart" name="selectitem" time="10.358"/>
  <testcase classname="com.amazon.addtocart.Amazonaddtocart" name="writedatatocsv" time="0.011"/>
</testsuite> <!-- Default test -->
