<?xml version="1.0" encoding="UTF-8"?>
<!-- Generated by org.testng.reporters.JUnitXMLReporter -->
<testsuite ignored="0" hostname="Basavaraj" failures="0" tests="3" name="Amazon add to cart" time="28.814" errors="0" timestamp="2022-10-17T00:09:53 IST">
  <testcase classname="com.amazon.addtocart.Amazonaddtocart" name="launchBrowser" time="5.733"/>
  <testcase classname="com.amazon.addtocart.Amazonaddtocart" name="navigate" time="6.949"/>
  <testcase classname="com.amazon.addtocart.Amazonaddtocart" name="selectitem" time="15.987"/>
</testsuite> <!-- Amazon add to cart -->
